<?xml version="1.0" encoding="UTF-8"?>
<testng-results ignored="0" total="14" passed="14" failed="0" skipped="0">
  <reporter-output>
  </reporter-output>
  <suite started-at="2023-08-04T20:40:37 EDT" name="Functional" finished-at="2023-08-04T20:40:45 EDT" duration-ms="7317">
    <groups>
    </groups>
    <test started-at="2023-08-04T20:40:37 EDT" name="Registration and Login" finished-at="2023-08-04T20:40:45 EDT" duration-ms="7317">
      <class name="testClasses.LoginUATest">
        <test-method is-config="true" signature="appInitialization(java.lang.String)[pri:0, instance:testClasses.LoginUATest@327b636c]" started-at="2023-08-04T20:40:37 EDT" name="appInitialization" finished-at="2023-08-04T20:40:41 EDT" duration-ms="3409" status="PASS">
          <params>
            <param index="0">
              <value>
                <![CDATA[edge]]>
              </value>
            </param>
          </params>
          <reporter-output>
          </reporter-output>
        </test-method> <!-- appInitialization -->
        <test-method signature="clickOnAccount()[pri:0, instance:testClasses.LoginUATest@327b636c]" started-at="2023-08-04T20:40:41 EDT" name="clickOnAccount" finished-at="2023-08-04T20:40:45 EDT" duration-ms="3892" status="PASS">
          <reporter-output>
          </reporter-output>
        </test-method> <!-- clickOnAccount -->
        <test-method is-config="true" signature="tearDown()[pri:0, instance:testClasses.LoginUATest@327b636c]" started-at="2023-08-04T20:40:45 EDT" name="tearDown" finished-at="2023-08-04T20:40:45 EDT" duration-ms="1" status="PASS">
          <reporter-output>
          </reporter-output>
        </test-method> <!-- tearDown -->
      </class> <!-- testClasses.LoginUATest -->
      <class name="testClasses.RegistrationUATest">
        <test-method is-config="true" signature="appInitialization(java.lang.String)[pri:0, instance:testClasses.RegistrationUATest@13acb0d1]" started-at="2023-08-04T20:40:37 EDT" name="appInitialization" finished-at="2023-08-04T20:40:41 EDT" duration-ms="3398" status="PASS">
          <params>
            <param index="0">
              <value>
                <![CDATA[edge]]>
              </value>
            </param>
          </params>
          <reporter-output>
          </reporter-output>
        </test-method> <!-- appInitialization -->
        <test-method signature="enterFirstName()[pri:1, instance:testClasses.RegistrationUATest@13acb0d1]" started-at="2023-08-04T20:40:41 EDT" name="enterFirstName" finished-at="2023-08-04T20:40:41 EDT" duration-ms="81" status="PASS">
          <reporter-output>
          </reporter-output>
        </test-method> <!-- enterFirstName -->
        <test-method signature="enterLastName()[pri:2, instance:testClasses.RegistrationUATest@13acb0d1]" started-at="2023-08-04T20:40:41 EDT" name="enterLastName" finished-at="2023-08-04T20:40:41 EDT" duration-ms="51" status="PASS">
          <reporter-output>
          </reporter-output>
        </test-method> <!-- enterLastName -->
        <test-method signature="enterUserName()[pri:3, instance:testClasses.RegistrationUATest@13acb0d1]" started-at="2023-08-04T20:40:41 EDT" name="enterUserName" finished-at="2023-08-04T20:40:41 EDT" duration-ms="35" status="PASS">
          <reporter-output>
          </reporter-output>
        </test-method> <!-- enterUserName -->
        <test-method signature="enterEmail()[pri:4, instance:testClasses.RegistrationUATest@13acb0d1]" started-at="2023-08-04T20:40:41 EDT" name="enterEmail" finished-at="2023-08-04T20:40:41 EDT" duration-ms="40" status="PASS">
          <reporter-output>
          </reporter-output>
        </test-method> <!-- enterEmail -->
        <test-method signature="enterPassword()[pri:5, instance:testClasses.RegistrationUATest@13acb0d1]" started-at="2023-08-04T20:40:41 EDT" name="enterPassword" finished-at="2023-08-04T20:40:41 EDT" duration-ms="41" status="PASS">
          <reporter-output>
          </reporter-output>
        </test-method> <!-- enterPassword -->
        <test-method signature="confirmPassword()[pri:6, instance:testClasses.RegistrationUATest@13acb0d1]" started-at="2023-08-04T20:40:41 EDT" name="confirmPassword" finished-at="2023-08-04T20:40:41 EDT" duration-ms="32" status="PASS">
          <reporter-output>
          </reporter-output>
        </test-method> <!-- confirmPassword -->
        <test-method signature="enterBirthday()[pri:7, instance:testClasses.RegistrationUATest@13acb0d1]" started-at="2023-08-04T20:40:41 EDT" name="enterBirthday" finished-at="2023-08-04T20:40:41 EDT" duration-ms="35" status="PASS">
          <reporter-output>
          </reporter-output>
        </test-method> <!-- enterBirthday -->
        <test-method signature="enterPhoneNumber()[pri:8, instance:testClasses.RegistrationUATest@13acb0d1]" started-at="2023-08-04T20:40:41 EDT" name="enterPhoneNumber" finished-at="2023-08-04T20:40:41 EDT" duration-ms="37" status="PASS">
          <reporter-output>
          </reporter-output>
        </test-method> <!-- enterPhoneNumber -->
        <test-method signature="enterAddress()[pri:9, instance:testClasses.RegistrationUATest@13acb0d1]" started-at="2023-08-04T20:40:41 EDT" name="enterAddress" finished-at="2023-08-04T20:40:41 EDT" duration-ms="55" status="PASS">
          <reporter-output>
          </reporter-output>
        </test-method> <!-- enterAddress -->
        <test-method signature="enterCity()[pri:10, instance:testClasses.RegistrationUATest@13acb0d1]" started-at="2023-08-04T20:40:41 EDT" name="enterCity" finished-at="2023-08-04T20:40:41 EDT" duration-ms="35" status="PASS">
          <reporter-output>
          </reporter-output>
        </test-method> <!-- enterCity -->
        <test-method signature="enterZipCode()[pri:11, instance:testClasses.RegistrationUATest@13acb0d1]" started-at="2023-08-04T20:40:41 EDT" name="enterZipCode" finished-at="2023-08-04T20:40:41 EDT" duration-ms="34" status="PASS">
          <reporter-output>
          </reporter-output>
        </test-method> <!-- enterZipCode -->
        <test-method signature="enterCountry()[pri:12, instance:testClasses.RegistrationUATest@13acb0d1]" started-at="2023-08-04T20:40:41 EDT" name="enterCountry" finished-at="2023-08-04T20:40:41 EDT" duration-ms="34" status="PASS">
          <reporter-output>
          </reporter-output>
        </test-method> <!-- enterCountry -->
        <test-method signature="ClickSubmitButton()[pri:13, instance:testClasses.RegistrationUATest@13acb0d1]" started-at="2023-08-04T20:40:41 EDT" name="ClickSubmitButton" finished-at="2023-08-04T20:40:45 EDT" duration-ms="3381" status="PASS">
          <reporter-output>
          </reporter-output>
        </test-method> <!-- ClickSubmitButton -->
        <test-method is-config="true" signature="tearDown()[pri:0, instance:testClasses.RegistrationUATest@13acb0d1]" started-at="2023-08-04T20:40:45 EDT" name="tearDown" finished-at="2023-08-04T20:40:45 EDT" duration-ms="1" status="PASS">
          <reporter-output>
          </reporter-output>
        </test-method> <!-- tearDown -->
      </class> <!-- testClasses.RegistrationUATest -->
    </test> <!-- Registration and Login -->
  </suite> <!-- Functional -->
</testng-results>
